[2025-06-18 10:41:00] 853076774 → ➕ Разместить подработку
[2025-06-18 10:43:31] 853076774 → 🧾 Мои публикации
[2025-06-18 11:46:13] 853076774 → 📢 Найти подработку
[2025-06-18 11:55:34] 853076774 → 📢 Найти подработку
[2025-06-18 12:04:06] 853076774 → 📢 Найти подработку
[2025-06-18 19:25:01] 853076774 → ➕ Разместить подработку (FSM передано)
[2025-06-18 19:30:17] 853076774 (kufreev) → /start
[2025-06-18 19:30:19] 853076774 (kufreev) → ➕ Разместить подработку
[2025-06-18 19:32:21] 853076774 (kufreev) → /start
[2025-06-18 19:32:22] 853076774 (kufreev) → ➕ Разместить подработку
[2025-06-18 19:33:19] 853076774 (kufreev) → /start
[2025-06-18 19:33:21] 853076774 (kufreev) → ➕ Разместить подработку
[2025-06-18 19:34:42] 853076774 (kufreev) → /start
[2025-06-18 19:34:43] 853076774 (kufreev) → ➕ Разместить подработку
[2025-06-18 19:34:43] [REG-AUTO] 853076774 зарегистрирован как заказчик (через размещение)
[2025-06-18 19:34:52] 853076774 (kufreev) → Грузчик
[2025-06-18 19:34:56] 853076774 (kufreev) → грузчик
[2025-06-18 19:35:00] 853076774 (kufreev) → 500
[2025-06-18 19:35:00] [JOB] Новая подработка от 853076774 — Грузчик (500 руб.)
[2025-06-18 19:35:19] 853076774 (kufreev) → 🧾 Мои публикации
[2025-06-18 19:35:22] 853076774 (kufreev) → 🧾 Мои публикации
[2025-06-18 19:36:10] 853076774 (kufreev) → 📢 Найти подработку
[2025-06-18 20:06:17] 7144476208 (None) → /start
[2025-06-18 20:06:20] 7144476208 (None) → ➕ Разместить подработку
[2025-06-18 20:06:20] [REG-AUTO] 7144476208 зарегистрирован как заказчик (через размещение)
[2025-06-18 20:27:05] 853076774 (kufreev) → /start
[2025-06-18 20:27:08] 853076774 (kufreev) → ➕ Разместить подработку
[2025-06-18 20:27:12] 853076774 (kufreev) → кпр
[2025-06-18 20:27:14] 853076774 (kufreev) → екрке
[2025-06-18 20:27:16] 853076774 (kufreev) → 56
[2025-06-18 20:27:16] [JOB] Новая подработка от 853076774 — кпр (56 руб.)
